[0m[[0mdebug[0m] [0mRunning TaskDef(com.milo.test.TestRuleBuilder, org.scalatest.tools.Framework$$anon$1@460cf985, false, [SuiteSelector])[0m
[0m[[0mdebug[0m] [0mRunning TaskDef(com.milo.test.TestBinaryBooleanNode, org.scalatest.tools.Framework$$anon$1@460cf985, false, [SuiteSelector])[0m
[0m[[0minfo[0m] [0m[36mRun completed in 902 milliseconds.[0m[0m
[0m[[0minfo[0m] [0m[36mTotal number of tests run: 7[0m[0m
[0m[[0minfo[0m] [0m[36mSuites: completed 2, aborted 0[0m[0m
[0m[[0minfo[0m] [0m[36mTests: succeeded 3, failed 4, canceled 0, ignored 0, pending 0[0m[0m
[0m[[0minfo[0m] [0m[31m*** 4 TESTS FAILED ***[0m[0m
[0m[[31merror[0m] [0mFailed tests:[0m
[0m[[31merror[0m] [0m	com.milo.test.TestBinaryBooleanNode[0m
[0m[[31merror[0m] [0m	com.milo.test.TestRuleBuilder[0m
[0m[[31merror[0m] [0m(test:[31mtestQuick[0m) sbt.TestsFailedException: Tests unsuccessful[0m
