[0m[[0mdebug[0m] [0mRunning TaskDef(com.milo.test.TestBinaryBooleanNode, org.scalatest.tools.Framework$$anon$1@1df51fae, false, [SuiteSelector])[0m
[0m[[0minfo[0m] [0m[36mRun completed in 817 milliseconds.[0m[0m
[0m[[0minfo[0m] [0m[36mTotal number of tests run: 4[0m[0m
[0m[[0minfo[0m] [0m[36mSuites: completed 1, aborted 0[0m[0m
[0m[[0minfo[0m] [0m[36mTests: succeeded 2, failed 2, canceled 0, ignored 0, pending 0[0m[0m
[0m[[0minfo[0m] [0m[31m*** 2 TESTS FAILED ***[0m[0m
[0m[[31merror[0m] [0mFailed tests:[0m
[0m[[31merror[0m] [0m	com.milo.test.TestBinaryBooleanNode[0m
[0m[[31merror[0m] [0m(test:[31mtestOnly[0m) sbt.TestsFailedException: Tests unsuccessful[0m
